# JRE version: OpenJDK Runtime Environment (21.0.9) (build 21.0.9+-14649483-b1163.86)
# Java VM: OpenJDK 64-Bit Server VM (21.0.9+-14649483-b1163.86, mixed mode, tiered, compressed oops, compressed class ptrs, g1 gc, windows-amd64)
GC Precious Log:
 CardTable entry size: 512
 Card Set container configuration: InlinePtr #cards 5 size 8 Array Of Cards #cards 12 size 40 Howl #buckets 4 coarsen threshold 1843 Howl Bitmap #cards 512 size 80 coarsen threshold 460 Card regions per heap region 1 cards per card region 2048
 CPUs: 8 total, 8 available
 Memory: 16061M
 Large Page Support: Disabled
 NUMA Support: Disabled
 Compressed Oops: Enabled (32-bit)
 Heap Region Size: 1M
 Heap Min Capacity: 8M
 Heap Initial Capacity: 252M
 Heap Max Capacity: 2G
 Pre-touch: Disabled
 Parallel Workers: 8
 Concurrent Workers: 2
 Concurrent Refinement Workers: 8
 Periodic GC: Disabled
Heap:
 garbage-first heap   total 268288K, used 196077K [0x0000000080000000, 0x0000000100000000)
  region size 1024K, 42 young (43008K), 6 survivors (6144K)
 Metaspace       used 131175K, committed 133120K, reserved 1179648K
  class space    used 17214K, committed 18112K, reserved 1048576K
GC Heap History (20 events):
Event: 9.886 GC heap before
{Heap before GC invocations=26 (full 0):
 garbage-first heap   total 147456K, used 130577K [0x0000000080000000, 0x0000000100000000)
  region size 1024K, 36 young (36864K), 2 survivors (2048K)
 Metaspace       used 85619K, committed 87360K, reserved 1179648K
  class space    used 12007K, committed 12800K, reserved 1048576K
}
Event: 9.889 GC heap after
{Heap after GC invocations=27 (full 0):
 garbage-first heap   total 147456K, used 99041K [0x0000000080000000, 0x0000000100000000)
  region size 1024K, 5 young (5120K), 5 survivors (5120K)
 Metaspace       used 85619K, committed 87360K, reserved 1179648K
  class space    used 12007K, committed 12800K, reserved 1048576K
}
Event: 10.260 GC heap before
{Heap before GC invocations=28 (full 0):
 garbage-first heap   total 165888K, used 131809K [0x0000000080000000, 0x0000000100000000)
  region size 1024K, 38 young (38912K), 5 survivors (5120K)
 Metaspace       used 90079K, committed 91840K, reserved 1179648K
  class space    used 12428K, committed 13248K, reserved 1048576K
}
Event: 10.264 GC heap after
{Heap after GC invocations=29 (full 0):
 garbage-first heap   total 165888K, used 99912K [0x0000000080000000, 0x0000000100000000)
  region size 1024K, 1 young (1024K), 1 survivors (1024K)
 Metaspace       used 90079K, committed 91840K, reserved 1179648K
  class space    used 12428K, committed 13248K, reserved 1048576K
}
Event: 10.718 GC heap before
{Heap before GC invocations=29 (full 0):
 garbage-first heap   total 165888K, used 149064K [0x0000000080000000, 0x0000000100000000)
  region size 1024K, 50 young (51200K), 1 survivors (1024K)
 Metaspace       used 95794K, committed 97600K, reserved 1179648K
  class space    used 13055K, committed 13888K, reserved 1048576K
}
Event: 10.722 GC heap after
{Heap after GC invocations=30 (full 0):
 garbage-first heap   total 165888K, used 102627K [0x0000000080000000, 0x0000000100000000)
  region size 1024K, 5 young (5120K), 5 survivors (5120K)
 Metaspace       used 95794K, committed 97600K, reserved 1179648K
  class space    used 13055K, committed 13888K, reserved 1048576K
}
Event: 11.171 GC heap before
{Heap before GC invocations=30 (full 0):
 garbage-first heap   total 165888K, used 150755K [0x0000000080000000, 0x0000000100000000)
  region size 1024K, 52 young (53248K), 5 survivors (5120K)
 Metaspace       used 101682K, committed 103424K, reserved 1179648K
  class space    used 13747K, committed 14592K, reserved 1048576K
}
Event: 11.178 GC heap after
{Heap after GC invocations=31 (full 0):
 garbage-first heap   total 165888K, used 107026K [0x0000000080000000, 0x0000000100000000)
  region size 1024K, 5 young (5120K), 5 survivors (5120K)
 Metaspace       used 101682K, committed 103424K, reserved 1179648K
  class space    used 13747K, committed 14592K, reserved 1048576K
}
Event: 11.447 GC heap before
{Heap before GC invocations=32 (full 0):
 garbage-first heap   total 181248K, used 152082K [0x0000000080000000, 0x0000000100000000)
  region size 1024K, 48 young (49152K), 5 survivors (5120K)
 Metaspace       used 103515K, committed 105280K, reserved 1179648K
  class space    used 13991K, committed 14784K, reserved 1048576K
}
Event: 11.454 GC heap after
{Heap after GC invocations=33 (full 0):
 garbage-first heap   total 218112K, used 119303K [0x0000000080000000, 0x0000000100000000)
  region size 1024K, 6 young (6144K), 6 survivors (6144K)
 Metaspace       used 103515K, committed 105280K, reserved 1179648K
  class space    used 13991K, committed 14784K, reserved 1048576K
}
Event: 12.401 GC heap before
{Heap before GC invocations=33 (full 0):
 garbage-first heap   total 218112K, used 192007K [0x0000000080000000, 0x0000000100000000)
  region size 1024K, 78 young (79872K), 6 survivors (6144K)
 Metaspace       used 111793K, committed 113536K, reserved 1179648K
  class space    used 14817K, committed 15616K, reserved 1048576K
}
Event: 12.411 GC heap after
{Heap after GC invocations=34 (full 0):
 garbage-first heap   total 218112K, used 126152K [0x0000000080000000, 0x0000000100000000)
  region size 1024K, 7 young (7168K), 7 survivors (7168K)
 Metaspace       used 111793K, committed 113536K, reserved 1179648K
  class space    used 14817K, committed 15616K, reserved 1048576K
}
Event: 13.322 GC heap before
{Heap before GC invocations=34 (full 0):
 garbage-first heap   total 218112K, used 194760K [0x0000000080000000, 0x0000000100000000)
  region size 1024K, 74 young (75776K), 7 survivors (7168K)
 Metaspace       used 120721K, committed 122496K, reserved 1179648K
  class space    used 15882K, committed 16704K, reserved 1048576K
}
Event: 13.329 GC heap after
{Heap after GC invocations=35 (full 0):
 garbage-first heap   total 218112K, used 130850K [0x0000000080000000, 0x0000000100000000)
  region size 1024K, 5 young (5120K), 5 survivors (5120K)
 Metaspace       used 120721K, committed 122496K, reserved 1179648K
  class space    used 15882K, committed 16704K, reserved 1048576K
}
Event: 14.311 GC heap before
{Heap before GC invocations=36 (full 0):
 garbage-first heap   total 220160K, used 197410K [0x0000000080000000, 0x0000000100000000)
  region size 1024K, 70 young (71680K), 5 survivors (5120K)
 Metaspace       used 128692K, committed 130624K, reserved 1179648K
  class space    used 16940K, committed 17856K, reserved 1048576K
}
Event: 14.316 GC heap after
{Heap after GC invocations=37 (full 0):
 garbage-first heap   total 220160K, used 133006K [0x0000000080000000, 0x0000000100000000)
  region size 1024K, 7 young (7168K), 7 survivors (7168K)
 Metaspace       used 128692K, committed 130624K, reserved 1179648K
  class space    used 16940K, committed 17856K, reserved 1048576K
}
Event: 14.601 GC heap before
{Heap before GC invocations=37 (full 0):
 garbage-first heap   total 220160K, used 200590K [0x0000000080000000, 0x0000000100000000)
  region size 1024K, 74 young (75776K), 7 survivors (7168K)
 Metaspace       used 130472K, committed 132416K, reserved 1179648K
  class space    used 17165K, committed 18048K, reserved 1048576K
}
Event: 14.615 GC heap after
{Heap after GC invocations=38 (full 0):
 garbage-first heap   total 230400K, used 151909K [0x0000000080000000, 0x0000000100000000)
  region size 1024K, 10 young (10240K), 10 survivors (10240K)
 Metaspace       used 130472K, committed 132416K, reserved 1179648K
  class space    used 17165K, committed 18048K, reserved 1048576K
}
Event: 14.694 GC heap before
{Heap before GC invocations=38 (full 0):
 garbage-first heap   total 230400K, used 167269K [0x0000000080000000, 0x0000000100000000)
  region size 1024K, 26 young (26624K), 10 survivors (10240K)
 Metaspace       used 130581K, committed 132480K, reserved 1179648K
  class space    used 17165K, committed 18048K, reserved 1048576K
}
Event: 14.701 GC heap after
{Heap after GC invocations=39 (full 0):
 garbage-first heap   total 230400K, used 159213K [0x0000000080000000, 0x0000000100000000)
  region size 1024K, 6 young (6144K), 6 survivors (6144K)
 Metaspace       used 130581K, committed 132480K, reserved 1179648K
  class space    used 17165K, committed 18048K, reserved 1048576K
}

