# JRE version: OpenJDK Runtime Environment (21.0.9) (build 21.0.9+-14649483-b1163.86)
# Java VM: OpenJDK 64-Bit Server VM (21.0.9+-14649483-b1163.86, mixed mode, tiered, compressed oops, compressed class ptrs, g1 gc, windows-amd64)
GC Precious Log:
 CardTable entry size: 512
 Card Set container configuration: InlinePtr #cards 5 size 8 Array Of Cards #cards 12 size 40 Howl #buckets 4 coarsen threshold 1843 Howl Bitmap #cards 512 size 80 coarsen threshold 460 Card regions per heap region 1 cards per card region 2048
 CPUs: 8 total, 8 available
 Memory: 16061M
 Large Page Support: Disabled
 NUMA Support: Disabled
 Compressed Oops: Enabled (32-bit)
 Heap Region Size: 1M
 Heap Min Capacity: 8M
 Heap Initial Capacity: 252M
 Heap Max Capacity: 2G
 Pre-touch: Disabled
 Parallel Workers: 8
 Concurrent Workers: 2
 Concurrent Refinement Workers: 8
 Periodic GC: Disabled
Heap:
 garbage-first heap   total 218112K, used 192095K [0x0000000080000000, 0x0000000100000000)
  region size 1024K, 36 young (36864K), 7 survivors (7168K)
 Metaspace       used 137756K, committed 139840K, reserved 1179648K
  class space    used 18336K, committed 19328K, reserved 1048576K
GC Heap History (20 events):
Event: 7.651 GC heap before
{Heap before GC invocations=26 (full 0):
 garbage-first heap   total 146432K, used 131252K [0x0000000080000000, 0x0000000100000000)
  region size 1024K, 37 young (37888K), 2 survivors (2048K)
 Metaspace       used 90540K, committed 92352K, reserved 1179648K
  class space    used 12808K, committed 13632K, reserved 1048576K
}
Event: 7.654 GC heap after
{Heap after GC invocations=27 (full 0):
 garbage-first heap   total 146432K, used 100558K [0x0000000080000000, 0x0000000100000000)
  region size 1024K, 5 young (5120K), 5 survivors (5120K)
 Metaspace       used 90540K, committed 92352K, reserved 1179648K
  class space    used 12808K, committed 13632K, reserved 1048576K
}
Event: 7.954 GC heap before
{Heap before GC invocations=28 (full 0):
 garbage-first heap   total 168960K, used 133326K [0x0000000080000000, 0x0000000100000000)
  region size 1024K, 38 young (38912K), 5 survivors (5120K)
 Metaspace       used 94898K, committed 96704K, reserved 1179648K
  class space    used 13212K, committed 14080K, reserved 1048576K
}
Event: 7.958 GC heap after
{Heap after GC invocations=29 (full 0):
 garbage-first heap   total 168960K, used 102189K [0x0000000080000000, 0x0000000100000000)
  region size 1024K, 2 young (2048K), 2 survivors (2048K)
 Metaspace       used 94898K, committed 96704K, reserved 1179648K
  class space    used 13212K, committed 14080K, reserved 1048576K
}
Event: 8.311 GC heap before
{Heap before GC invocations=29 (full 0):
 garbage-first heap   total 168960K, used 148269K [0x0000000080000000, 0x0000000100000000)
  region size 1024K, 48 young (49152K), 2 survivors (2048K)
 Metaspace       used 100691K, committed 102528K, reserved 1179648K
  class space    used 13833K, committed 14656K, reserved 1048576K
}
Event: 8.315 GC heap after
{Heap after GC invocations=30 (full 0):
 garbage-first heap   total 202752K, used 104764K [0x0000000080000000, 0x0000000100000000)
  region size 1024K, 5 young (5120K), 5 survivors (5120K)
 Metaspace       used 100691K, committed 102528K, reserved 1179648K
  class space    used 13833K, committed 14656K, reserved 1048576K
}
Event: 8.815 GC heap before
{Heap before GC invocations=30 (full 0):
 garbage-first heap   total 202752K, used 174396K [0x0000000080000000, 0x0000000100000000)
  region size 1024K, 72 young (73728K), 5 survivors (5120K)
 Metaspace       used 106811K, committed 108672K, reserved 1179648K
  class space    used 14553K, committed 15424K, reserved 1048576K
}
Event: 8.823 GC heap after
{Heap after GC invocations=31 (full 0):
 garbage-first heap   total 202752K, used 116357K [0x0000000080000000, 0x0000000100000000)
  region size 1024K, 9 young (9216K), 9 survivors (9216K)
 Metaspace       used 106811K, committed 108672K, reserved 1179648K
  class space    used 14553K, committed 15424K, reserved 1048576K
}
Event: 9.406 GC heap before
{Heap before GC invocations=31 (full 0):
 garbage-first heap   total 202752K, used 175749K [0x0000000080000000, 0x0000000100000000)
  region size 1024K, 67 young (68608K), 9 survivors (9216K)
 Metaspace       used 112521K, committed 114432K, reserved 1179648K
  class space    used 15199K, committed 16128K, reserved 1048576K
}
Event: 9.414 GC heap after
{Heap after GC invocations=32 (full 0):
 garbage-first heap   total 202752K, used 124935K [0x0000000080000000, 0x0000000100000000)
  region size 1024K, 8 young (8192K), 8 survivors (8192K)
 Metaspace       used 112521K, committed 114432K, reserved 1179648K
  class space    used 15199K, committed 16128K, reserved 1048576K
}
Event: 10.031 GC heap before
{Heap before GC invocations=32 (full 0):
 garbage-first heap   total 202752K, used 179207K [0x0000000080000000, 0x0000000100000000)
  region size 1024K, 61 young (62464K), 8 survivors (8192K)
 Metaspace       used 118926K, committed 120768K, reserved 1179648K
  class space    used 15822K, committed 16704K, reserved 1048576K
}
Event: 10.037 GC heap after
{Heap after GC invocations=33 (full 0):
 garbage-first heap   total 202752K, used 129625K [0x0000000080000000, 0x0000000100000000)
  region size 1024K, 5 young (5120K), 5 survivors (5120K)
 Metaspace       used 118926K, committed 120768K, reserved 1179648K
  class space    used 15822K, committed 16704K, reserved 1048576K
}
Event: 10.596 GC heap before
{Heap before GC invocations=34 (full 0):
 garbage-first heap   total 217088K, used 181849K [0x0000000080000000, 0x0000000100000000)
  region size 1024K, 56 young (57344K), 5 survivors (5120K)
 Metaspace       used 125645K, committed 127616K, reserved 1179648K
  class space    used 16685K, committed 17600K, reserved 1048576K
}
Event: 10.602 GC heap after
{Heap after GC invocations=35 (full 0):
 garbage-first heap   total 217088K, used 132916K [0x0000000080000000, 0x0000000100000000)
  region size 1024K, 4 young (4096K), 4 survivors (4096K)
 Metaspace       used 125645K, committed 127616K, reserved 1179648K
  class space    used 16685K, committed 17600K, reserved 1048576K
}
Event: 11.296 GC heap before
{Heap before GC invocations=35 (full 0):
 garbage-first heap   total 217088K, used 193332K [0x0000000080000000, 0x0000000100000000)
  region size 1024K, 63 young (64512K), 4 survivors (4096K)
 Metaspace       used 133720K, committed 135744K, reserved 1179648K
  class space    used 17758K, committed 18688K, reserved 1048576K
}
Event: 11.301 GC heap after
{Heap after GC invocations=36 (full 0):
 garbage-first heap   total 217088K, used 134690K [0x0000000080000000, 0x0000000100000000)
  region size 1024K, 6 young (6144K), 6 survivors (6144K)
 Metaspace       used 133720K, committed 135744K, reserved 1179648K
  class space    used 17758K, committed 18688K, reserved 1048576K
}
Event: 11.769 GC heap before
{Heap before GC invocations=36 (full 0):
 garbage-first heap   total 217088K, used 196130K [0x0000000080000000, 0x0000000100000000)
  region size 1024K, 67 young (68608K), 6 survivors (6144K)
 Metaspace       used 137243K, committed 139264K, reserved 1179648K
  class space    used 18320K, committed 19264K, reserved 1048576K
}
Event: 11.777 GC heap after
{Heap after GC invocations=37 (full 0):
 garbage-first heap   total 218112K, used 148589K [0x0000000080000000, 0x0000000100000000)
  region size 1024K, 9 young (9216K), 9 survivors (9216K)
 Metaspace       used 137243K, committed 139264K, reserved 1179648K
  class space    used 18320K, committed 19264K, reserved 1048576K
}
Event: 11.981 GC heap before
{Heap before GC invocations=37 (full 0):
 garbage-first heap   total 218112K, used 193645K [0x0000000080000000, 0x0000000100000000)
  region size 1024K, 54 young (55296K), 9 survivors (9216K)
 Metaspace       used 137622K, committed 139648K, reserved 1179648K
  class space    used 18325K, committed 19264K, reserved 1048576K
}
Event: 11.994 GC heap after
{Heap after GC invocations=38 (full 0):
 garbage-first heap   total 218112K, used 162399K [0x0000000080000000, 0x0000000100000000)
  region size 1024K, 7 young (7168K), 7 survivors (7168K)
 Metaspace       used 137622K, committed 139648K, reserved 1179648K
  class space    used 18325K, committed 19264K, reserved 1048576K
}

